s_chat/build/app/outputs/mapping/release/mapping.txt
# compiler: R8
# compiler_version: 1.5.64
# min_api: 26
# pg_map_id: a64a645
...
androidx.vectordrawable.graphics.drawable.VectorDrawableCompat$1 -> a.s.a.a.i$a:
androidx.vectordrawable.graphics.drawable.VectorDrawableCompat$VClipPath -> a.s.a.a.i$b:
    void inflate(android.content.res.Resources,android.util.AttributeSet,android.content.res.Resources$Theme,org.xmlpull.v1.XmlPullParser) -> a
    void updateStateFromTypedArray(android.content.res.TypedArray,org.xmlpull.v1.XmlPullParser) -> a
    boolean isClipPath() -> b
androidx.vectordrawable.graphics.drawable.VectorDrawableCompat$VFullPath -> a.s.a.a.i$c:
    float mTrimPathEnd -> l
    float mTrimPathStart -> k
    float mFillAlpha -> j
    float mStrokeAlpha -> i
    android.graphics.Paint$Cap mStrokeLineCap -> n
    android.graphics.Paint$Join mStrokeLineJoin -> o
    float mStrokeWidth -> g
    int[] mThemeAttrs -> e
    androidx.core.content.res.ComplexColorCompat mFillColor -> h
    float mStrokeMiterlimit -> p
    androidx.core.content.res.ComplexColorCompat mStrokeColor -> f
    float mTrimPathOffset -> m
    android.graphics.Paint$Cap getStrokeLineCap(int,android.graphics.Paint$Cap) -> a
    android.graphics.Paint$Join getStrokeLineJoin(int,android.graphics.Paint$Join) -> a
    void inflate(android.content.res.Resources,android.util.AttributeSet,android.content.res.Resources$Theme,org.xmlpull.v1.XmlPullParser) -> a
    boolean isStateful() -> a
    boolean onStateChanged(int[]) -> a
    void updateStateFromTypedArray(android.content.res.TypedArray,org.xmlpull.v1.XmlPullParser,android.content.res.Resources$Theme) -> a
androidx.vectordrawable.graphics.drawable.VectorDrawableCompat$VGroup -> a.s.a.a.i$d:
    android.graphics.Matrix mLocalMatrix -> j
    float mTranslateY -> i
    float mTranslateX -> h
    float mScaleY -> g
    int mChangingConfigurations -> k
    float mScaleX -> f
    java.lang.String mGroupName -> m
    float mPivotY -> e
    float mPivotX -> d
    float mRotate -> c
    java.util.ArrayList mChildren -> b
    android.graphics.Matrix mStackedMatrix -> a
    int[] mThemeAttrs -> l
    void inflate(android.content.res.Resources,android.util.AttributeSet,android.content.res.Resources$Theme,org.xmlpull.v1.XmlPullParser) -> a
    boolean isStateful() -> a
    boolean onStateChanged(int[]) -> a
    void updateStateFromTypedArray(android.content.res.TypedArray,org.xmlpull.v1.XmlPullParser) -> a
    void updateLocalMatrix() -> b
androidx.vectordrawable.graphics.drawable.VectorDrawableCompat$VObject -> a.s.a.a.i$e:
    boolean isStateful() -> a
    boolean onStateChanged(int[]) -> a
androidx.vectordrawable.graphics.drawable.VectorDrawableCompat$VPath -> a.s.a.a.i$f:
    int mChangingConfigurations -> d
    androidx.core.graphics.PathParser$PathDataNode[] mNodes -> a
    java.lang.String mPathName -> b
    int mFillRule -> c
    void toPath(android.graphics.Path) -> a
    boolean isClipPath() -> b